0 info it worked if it ends with ok
1 verbose cli [ '/usr/bin/node', '/usr/bin/npm', 'start' ]
2 info using npm@3.5.2
3 info using node@v8.10.0
4 verbose run-script [ 'prestart', 'start', 'poststart' ]
5 info lifecycle docker_web_app@0.0.5~prestart: docker_web_app@0.0.5
6 silly lifecycle docker_web_app@0.0.5~prestart: no script for prestart, continuing
7 info lifecycle docker_web_app@0.0.5~start: docker_web_app@0.0.5
8 verbose lifecycle docker_web_app@0.0.5~start: unsafe-perm in lifecycle true
9 verbose lifecycle docker_web_app@0.0.5~start: PATH: /usr/share/npm/bin/node-gyp-bin:/home/asianpw/Documents/TEK3/DEV/dashboard_github/node_modules/.bin:/home/asianpw/.rvm/gems/ruby-2.4.1/bin:/home/asianpw/.rvm/gems/ruby-2.4.1@global/bin:/home/asianpw/.rvm/rubies/ruby-2.4.1/bin:/home/asianpw/.local/bin:/usr/local/sbin:/usr/local/bin:/usr/sbin:/usr/bin:/sbin:/bin:/usr/games:/usr/local/games:/snap/bin:/home/asianpw/.rvm/bin:/home/asianpw/Android/Sdk/tools:/home/asianpw/Android/Sdk/platform-tools:/usr/lib/jvm/java-8-openjdk-amd64/bin:/home/asianpw/.local/bin:/home/asianpw/.rvm/bin
10 verbose lifecycle docker_web_app@0.0.5~start: CWD: /home/asianpw/Documents/TEK3/DEV/dashboard_github
11 silly lifecycle docker_web_app@0.0.5~start: Args: [ '-c', 'node server.js' ]
12 silly lifecycle docker_web_app@0.0.5~start: Returned: code: 1  signal: null
13 info lifecycle docker_web_app@0.0.5~start: Failed to exec start script
14 verbose stack Error: docker_web_app@0.0.5 start: `node server.js`
14 verbose stack Exit status 1
14 verbose stack     at EventEmitter.<anonymous> (/usr/share/npm/lib/utils/lifecycle.js:232:16)
14 verbose stack     at emitTwo (events.js:126:13)
14 verbose stack     at EventEmitter.emit (events.js:214:7)
14 verbose stack     at ChildProcess.<anonymous> (/usr/share/npm/lib/utils/spawn.js:24:14)
14 verbose stack     at emitTwo (events.js:126:13)
14 verbose stack     at ChildProcess.emit (events.js:214:7)
14 verbose stack     at maybeClose (internal/child_process.js:925:16)
14 verbose stack     at Process.ChildProcess._handle.onexit (internal/child_process.js:209:5)
15 verbose pkgid docker_web_app@0.0.5
16 verbose cwd /home/asianpw/Documents/TEK3/DEV/dashboard_github
17 error Linux 4.15.0-36-generic
18 error argv "/usr/bin/node" "/usr/bin/npm" "start"
19 error node v8.10.0
20 error npm  v3.5.2
21 error code ELIFECYCLE
22 error docker_web_app@0.0.5 start: `node server.js`
22 error Exit status 1
23 error Failed at the docker_web_app@0.0.5 start script 'node server.js'.
23 error Make sure you have the latest version of node.js and npm installed.
23 error If you do, this is most likely a problem with the docker_web_app package,
23 error not with npm itself.
23 error Tell the author that this fails on your system:
23 error     node server.js
23 error You can get information on how to open an issue for this project with:
23 error     npm bugs docker_web_app
23 error Or if that isn't available, you can get their info via:
23 error     npm owner ls docker_web_app
23 error There is likely additional logging output above.
24 verbose exit [ 1, true ]
